<?xml version="1.0" encoding="utf-8"?>
<testsuites time="0.035" tests="5" failures="0">
  <testsuite id="0" name="/Users/pedrodebellis/codenation/csharp-0/Source.TestSubmission/bin/Debug/netcoreapp2.2/Source.TestSubmission.dll" tests="5" failures="0" time="0.035">
    <testcase classname="Codenation.Challenge.MathTest" name="Codenation.Challenge.MathTest.Is_NotFibonacci_Test" time="0.0190000" />
    <testcase classname="Codenation.Challenge.MathTest" name="Codenation.Challenge.MathTest.Is_Fibonacci_Test" time="0.0010000" />
    <testcase classname="Codenation.Challenge.MathTest" name="Codenation.Challenge.MathTest.Fibonacci_Membrers_Test" time="0.0130000" />
    <testcase classname="Codenation.Challenge.MathTest" name="Codenation.Challenge.MathTest.Fibonacci_Test" time="0.0010000" />
    <testcase classname="Codenation.Challenge.MathTest" name="Codenation.Challenge.MathTest.Fibonacci_Membrer_Count_Test" time="0.0010000" />
  </testsuite>
</testsuites>